\BOOKMARK [1][-]{section.1}{\376\377\000N\000g\001\260\036\335\000i\000\040\000l\036\255\000p\000\040\000t\000r\000\354\000n\000h\000\040\000c\000\363\000\040\000t\000h\036\303\000\040\000l\036\245\000y\000\040\000\375\000\040\000t\001\260\036\337\000n\000g\000\040\000t\036\353\000\040\001\021\000\342\000u\000?}{}% 1
\BOOKMARK [1][-]{section.2}{\376\377\000V\036\255\000y\000\040\000t\000h\000\354\000\040\000t\000h\000u\036\255\000t\000\040\000t\000o\000\341\000n\000\040\000l\000\340\000\040\000g\000\354\000?}{}% 2
\BOOKMARK [1][-]{section.3}{\376\377\000T\000h\000u\036\255\000t\000\040\000t\000o\000\341\000n\000\040\000t\000r\000o\000n\000g\000\040\000g\000\363\000c\000\040\000n\000h\000\354\000n\000\040\000s\000i\000n\000h\000\040\000h\036\315\000c}{}% 3
\BOOKMARK [2][-]{subsubsection.3.0.1}{\376\377\000D\000i\000\040\000t\000r\000u\000y\036\301\000n\000,\000\040\000A\000D\000N\000\040\000v\000\340\000\040\000n\000h\000i\036\305\000m\000\040\000s\036\257\000c\000\040\000t\000h\036\303}{section.3}% 4
\BOOKMARK [1][-]{section.4}{\376\377\000T\000\354\000m\000\040\000h\000i\036\303\000u\000\040\000v\036\301\000\040\000t\000h\000u\036\255\000t\000\040\000t\000o\000\341\000n\000\040\000d\000i\000\040\000t\000r\000u\000y\036\301\000n\000\040\000v\000\340\000\040\000t\000r\036\243\000\040\000l\036\335\000i\000\040\000c\000\342\000u\000\040\000h\036\317\000i\000\040\000t\000r\000\352\000n}{}% 5
\BOOKMARK [2][-]{subsection.4.1}{\376\377\000N\036\301\000n\000\040\000t\036\243\000n\000g\000\040\000G\000e\000n\000e\000t\000i\000c\000\040\000A\000l\000g\000o\000r\000i\000t\000h\000m\000\040\000\050\000G\000A\000\051}{section.4}% 6
\BOOKMARK [2][-]{subsection.4.2}{\376\377\000T\000r\000i\036\303\000n\000\040\000k\000h\000a\000i\000\040\036\337\000\040\000g\000\363\000c\000\040\000n\000h\000\354\000n\000\040\000t\000h\000u\036\255\000t\000\040\000t\000o\000\341\000n}{section.4}% 7
\BOOKMARK [2][-]{subsection.4.3}{\376\377\000C\000\342\000u\000\040\000t\000r\036\243\000\040\000l\036\335\000i\000\040\000c\036\347\000a\000\040\000t\000h\000u\036\255\000t\000\040\000t\000o\000\341\000n}{section.4}% 8
\BOOKMARK [2][-]{subsection.4.4}{\376\377\000M\000\343\000\040\000g\000i\036\243\000\040\000t\000h\000u\036\255\000t\000\040\000t\000o\000\341\000n}{section.4}% 9
\BOOKMARK [1][-]{section.5}{\376\377\000M\036\241\000n\000g\000\040\000F\000e\000e\000d\000f\000o\000r\000w\000a\000r\000d\000\040\000N\000e\000u\000r\000a\000l\000\040\000N\000e\000t\000w\000o\000r\000k\000\040\000\050\000F\000N\000N\000\051\000\040\000v\000\340\000\040\000m\036\241\000n\000g\000\040\000A\000r\000t\000i\000f\000i\000c\000i\000a\000l\000\040\000N\000e\000u\000r\000a\000l\000\040\000N\000e\000t\000w\000o\000r\000k\000\040\000\050\000A\000N\000N\000\051}{}% 10
\BOOKMARK [2][-]{subsection.5.1}{\376\377\000L\036\313\000c\000h\000\040\000s\036\355\000\040\000p\000h\000\341\000t\000\040\000t\000r\000i\036\303\000n\000\040\000c\036\347\000a\000\040\000A\000I}{section.5}% 11
\BOOKMARK [2][-]{subsection.5.2}{\376\377\000\335\000\040\000n\000g\000h\001\051\000a\000\040\000c\036\347\000a\000\040\000A\000I\000\040\000t\000r\000o\000n\000g\000\040\000b\000\340\000i\000\040\000v\000i\036\277\000t\000\040\000n\000\340\000y}{section.5}% 12
\BOOKMARK [2][-]{subsection.5.3}{\376\377\000M\036\321\000i\000\040\000q\000u\000a\000n\000\040\000h\036\307\000\040\000g\000i\036\357\000a\000\040\000A\000I\000\040\000v\000\340\000\040\000t\000h\000u\036\255\000t\000\040\000t\000o\000\341\000n}{section.5}% 13
\BOOKMARK [2][-]{subsection.5.4}{\376\377\000A\000I\000,\000\040\000t\000h\000u\036\255\000t\000\040\000t\000o\000\341\000n\000\040\000v\000\340\000\040\000F\000N\000N}{section.5}% 14
\BOOKMARK [2][-]{subsection.5.5}{\376\377\000F\000N\000N}{section.5}% 15
\BOOKMARK [1][-]{section.6}{\376\377\000T\000\355\000n\000h\000\040\000k\036\277\000t\000\040\000n\036\321\000i\000\040\000g\000i\036\357\000a\000\040\000G\000A\000\040\000v\000\340\000\040\000F\000N\000N}{}% 16
\BOOKMARK [2][-]{subsection.6.1}{\376\377\036\336\000\040\000p\000h\036\241\000m\000\040\000v\000i\000\040\000c\000o\000n\000\040\000n\000g\001\260\036\335\000i}{section.6}% 17
\BOOKMARK [2][-]{subsection.6.2}{\376\377\000T\000h\036\355\000\040\000k\000h\000a\000i\000\040\000t\000h\000\341\000c\000\040\000d\036\245\000u\000\040\000?}{section.6}% 18
\BOOKMARK [1][-]{section.7}{\376\377\036\350\000n\000g\000\040\000d\036\345\000n\000g\000\040\000G\000A\000,\000\040\000F\000N\000N\000\040\000v\000\340\000o\000\040\000t\000\354\000m\000\040\000k\000i\036\277\000m\000\040\000c\000h\000i\036\277\000n\000\040\000l\001\260\036\343\000c\000\040\000s\000i\000n\000h\000\040\000t\036\323\000n\000\040\000c\036\347\000a\000\040\000s\000i\000n\000h\000\040\000v\036\255\000t}{}% 19
\BOOKMARK [2][-]{subsection.7.1}{\376\377\000M\000\364\000\040\000t\036\243\000\040\000v\036\245\000n\000\040\001\021\036\301}{section.7}% 20
\BOOKMARK [2][-]{subsection.7.2}{\376\377\000B\000i\036\307\000n\000\040\000l\000u\036\255\000n\000\040\000m\036\331\000t\000\040\000s\036\321\000\040\000t\000h\000\340\000n\000h\000\040\000p\000h\036\247\000n\000\040\000t\000r\000o\000n\000g\000\040\000m\000\364\000\040\000t\036\243\000\040\000v\036\245\000n\000\040\001\021\036\301}{section.7}% 21
\BOOKMARK [2][-]{subsection.7.3}{\376\377\000\335\000\040\000t\001\260\036\337\000n\000g\000\040\000t\000r\000i\036\303\000n\000\040\000k\000h\000a\000i}{section.7}% 22
\BOOKMARK [2][-]{subsection.7.4}{\376\377\000C\000h\000i\000\040\000t\000i\036\277\000t\000\040\000m\036\331\000t\000\040\000s\036\321\000\040\000t\000h\000\340\000n\000h\000\040\000p\000h\036\247\000n\000\040\000t\000h\000u\036\255\000t\000\040\000t\000o\000\341\000n\000\040\000G\000A}{section.7}% 23
\BOOKMARK [2][-]{subsection.7.5}{\376\377\000K\036\277\000t\000\040\000q\000u\036\243\000\040\000t\000h\036\361\000c\000\040\000t\000h\000i\000\040\000t\000h\000u\036\255\000t\000\040\000t\000o\000\341\000n}{section.7}% 24
\BOOKMARK [1][-]{section.8}{\376\377\000K\036\277\000t\000\040\000l\000u\036\255\000n}{}% 25
\BOOKMARK [1][-]{section.9}{\376\377\000T\000h\000a\000m\000\040\000k\000h\036\243\000o\000\040\000t\000h\000\352\000m}{}% 26
\BOOKMARK [1][-]{section.10}{\376\377\000M\000i\000n\000h\000\040\000h\000o\036\241\000\040\000b\036\325\000\040\000s\000u\000n\000g}{}% 27
